<?xml version="1.0" encoding="UTF-8"?>
<!-- Generated by org.testng.reporters.JUnitReportReporter -->
<testsuite skipped="13" hostname="DESKTOP-28II769" name="TestCases.Regression" tests="14" failures="0" timestamp="11 Oct 2020 06:29:33 GMT" time="0.100" errors="1">
  <testcase name="verifyUsernameIsDisplayedOnHomepageOrNotAfterLogin" time="0.000" classname="TestCases.Regression">
    <skipped/>
  </testcase> <!-- verifyUsernameIsDisplayedOnHomepageOrNotAfterLogin -->
  <testcase name="openingSite" time="0.100" classname="TestCases.Regression">
    <error type="java.lang.IllegalStateException" message="The driver executable does not exist: C:\Users\om\Downloads\Ankit\Selenium WebDriver\chromedriver.exe">
      <![CDATA[java.lang.IllegalStateException: The driver executable does not exist: C:\Users\om\Downloads\Ankit\Selenium WebDriver\chromedriver.exe
at com.google.common.base.Preconditions.checkState(Preconditions.java:585)
at org.openqa.selenium.remote.service.DriverService.checkExecutable(DriverService.java:146)
at org.openqa.selenium.remote.service.DriverService.findExecutable(DriverService.java:141)
at org.openqa.selenium.chrome.ChromeDriverService.access$000(ChromeDriverService.java:35)
at org.openqa.selenium.chrome.ChromeDriverService$Builder.findDefaultExecutable(ChromeDriverService.java:159)
at org.openqa.selenium.remote.service.DriverService$Builder.build(DriverService.java:355)
at org.openqa.selenium.chrome.ChromeDriverService.createDefaultService(ChromeDriverService.java:94)
at org.openqa.selenium.chrome.ChromeDriver.<init>(ChromeDriver.java:123)
at Keywords.Keyword.openBrowser(Keyword.java:17)
at TestCases.Regression.openingSite(Regression.java:24)
at sun.reflect.NativeMethodAccessorImpl.invoke0(Native Method)
at sun.reflect.NativeMethodAccessorImpl.invoke(Unknown Source)
at sun.reflect.DelegatingMethodAccessorImpl.invoke(Unknown Source)
at java.lang.reflect.Method.invoke(Unknown Source)
at org.testng.internal.MethodInvocationHelper.invokeMethod(MethodInvocationHelper.java:124)
at org.testng.internal.MethodInvocationHelper.invokeMethodConsideringTimeout(MethodInvocationHelper.java:59)
at org.testng.internal.Invoker.invokeConfigurationMethod(Invoker.java:458)
at org.testng.internal.Invoker.invokeConfigurations(Invoker.java:222)
at org.testng.internal.Invoker.invokeConfigurations(Invoker.java:142)
at org.testng.internal.TestMethodWorker.invokeBeforeClassMethods(TestMethodWorker.java:168)
at org.testng.internal.TestMethodWorker.run(TestMethodWorker.java:105)
at org.testng.TestRunner.privateRun(TestRunner.java:648)
at org.testng.TestRunner.run(TestRunner.java:505)
at org.testng.SuiteRunner.runTest(SuiteRunner.java:455)
at org.testng.SuiteRunner.runSequentially(SuiteRunner.java:450)
at org.testng.SuiteRunner.privateRun(SuiteRunner.java:415)
at org.testng.SuiteRunner.run(SuiteRunner.java:364)
at org.testng.SuiteRunnerWorker.runSuite(SuiteRunnerWorker.java:52)
at org.testng.SuiteRunnerWorker.run(SuiteRunnerWorker.java:84)
at org.testng.TestNG.runSuitesSequentially(TestNG.java:1208)
at org.testng.TestNG.runSuitesLocally(TestNG.java:1137)
at org.testng.TestNG.runSuites(TestNG.java:1049)
at org.testng.TestNG.run(TestNG.java:1017)
at org.testng.remote.AbstractRemoteTestNG.run(AbstractRemoteTestNG.java:115)
at org.testng.remote.RemoteTestNG.initAndRun(RemoteTestNG.java:251)
at org.testng.remote.RemoteTestNG.main(RemoteTestNG.java:77)
]]>
    </error>
  </testcase> <!-- openingSite -->
  <testcase name="verifySearchFunctionalityisWorkingOrNot" classname="TestCases.Regression">
    <skipped/>
  </testcase> <!-- verifySearchFunctionalityisWorkingOrNot -->
  <testcase name="verifySearchFuctionalityisPresentOrNot" classname="TestCases.Regression">
    <skipped/>
  </testcase> <!-- verifySearchFuctionalityisPresentOrNot -->
  <testcase name="verifyProfileSectionPresentOrNot" classname="TestCases.Regression">
    <skipped/>
  </testcase> <!-- verifyProfileSectionPresentOrNot -->
  <testcase name="verifyFeaturedProductPresentOrNot" classname="TestCases.Regression">
    <skipped/>
  </testcase> <!-- verifyFeaturedProductPresentOrNot -->
  <testcase name="verifySortingOptionShouldBePresentOrNot" classname="TestCases.Regression">
    <skipped/>
  </testcase> <!-- verifySortingOptionShouldBePresentOrNot -->
  <testcase name="verifyEmailOrMobNumberFieldIsClickableOrNot" classname="TestCases.Regression">
    <skipped/>
  </testcase> <!-- verifyEmailOrMobNumberFieldIsClickableOrNot -->
  <testcase name="verifyHomePageTitle" classname="TestCases.Regression">
    <skipped/>
  </testcase> <!-- verifyHomePageTitle -->
  <testcase name="verifyForgotLinkPresentOrNot" classname="TestCases.Regression">
    <skipped/>
  </testcase> <!-- verifyForgotLinkPresentOrNot -->
  <testcase name="verifyProductOnTheHomePageIsClickableOrNot" classname="TestCases.Regression">
    <skipped/>
  </testcase> <!-- verifyProductOnTheHomePageIsClickableOrNot -->
  <testcase name="verifyWhenUserClickOnProductUserShouldBeRedirectedToProduSpecificationPage" classname="TestCases.Regression">
    <skipped/>
  </testcase> <!-- verifyWhenUserClickOnProductUserShouldBeRedirectedToProduSpecificationPage -->
  <testcase name="verifyEmailOrMobNumberFieldIsPresentOrNot" classname="TestCases.Regression">
    <skipped/>
  </testcase> <!-- verifyEmailOrMobNumberFieldIsPresentOrNot -->
  <testcase name="verifyuserIsableToLoginSuccesfullyOrNot" classname="TestCases.Regression">
    <skipped/>
  </testcase> <!-- verifyuserIsableToLoginSuccesfullyOrNot -->
</testsuite> <!-- TestCases.Regression -->
